Using pre-set license
Built from '2020.3/staging' branch; Version is '2020.3.19f1 (68f137dc9bbe) revision 6877495'; Using compiler version '192528614'; Build Type 'Release'
OS: 'Windows 10 Home; OS build 22000.348; Version 2009; 64bit' Language: 'zh' Physical Memory: 12146 MB
BatchMode: 1, IsHumanControllingUs: 0, StartBugReporterOnCrash: 0, Is64bit: 1, IsPro: 0

COMMAND LINE ARGUMENTS:
C:\Program Files\Unity\Hub\Editor\2020.3.19f1\Editor\Unity.exe
-adb2
-batchMode
-noUpm
-name
AssetImportWorker0
-projectPath
C:/Users/ziiim/UnityProj/test
-logFile
Logs/AssetImportWorker0.log
-srvPort
1972
Successfully changed project path to: C:/Users/ziiim/UnityProj/test
C:/Users/ziiim/UnityProj/test
Using Asset Import Pipeline V2.
Refreshing native plugins compatible for Editor in 69.00 ms, found 3 plugins.
Preloading 0 native plugins for Editor in 0.00 ms.
Initialize engine version: 2020.3.19f1 (68f137dc9bbe)
[Subsystems] Discovering subsystems at path C:/Program Files/Unity/Hub/Editor/2020.3.19f1/Editor/Data/Resources/UnitySubsystems
[Subsystems] Discovering subsystems at path C:/Users/ziiim/UnityProj/test/Assets
GfxDevice: creating device client; threaded=0
Direct3D:
    Version:  Direct3D 11.0 [level 11.0]
    Renderer: NVIDIA GeForce GTX 960M (ID=0x139b)
    Vendor:   
    VRAM:     4055 MB
    Driver:   30.0.14.7168
Initialize mono
Mono path[0] = 'C:/Program Files/Unity/Hub/Editor/2020.3.19f1/Editor/Data/Managed'
Mono path[1] = 'C:/Program Files/Unity/Hub/Editor/2020.3.19f1/Editor/Data/MonoBleedingEdge/lib/mono/unityjit'
Mono config path = 'C:/Program Files/Unity/Hub/Editor/2020.3.19f1/Editor/Data/MonoBleedingEdge/etc'
Using monoOptions --debugger-agent=transport=dt_socket,embedding=1,server=y,suspend=n,address=127.0.0.1:56108
Begin MonoManager ReloadAssembly
Registering precompiled unity dll's ...
Register platform support module: C:/Program Files/Unity/Hub/Editor/2020.3.19f1/Editor/Data/PlaybackEngines/WindowsStandaloneSupport/UnityEditor.WindowsStandalone.Extensions.dll
Registered in 0.003740 seconds.
Native extension for WindowsStandalone target not found
Refreshing native plugins compatible for Editor in 63.80 ms, found 3 plugins.
Preloading 0 native plugins for Editor in 0.00 ms.
Mono: successfully reloaded assembly
- Completed reload, in  2.108 seconds
Domain Reload Profiling:
	ReloadAssembly (2108ms)
		BeginReloadAssembly (99ms)
			ExecutionOrderSort (0ms)
			DisableScriptedObjects (0ms)
			BackupInstance (0ms)
			ReleaseScriptingObjects (0ms)
			CreateAndSetChildDomain (1ms)
		EndReloadAssembly (790ms)
			LoadAssemblies (92ms)
			RebuildTransferFunctionScriptingTraits (0ms)
			SetupTypeCache (347ms)
			ReleaseScriptCaches (0ms)
			RebuildScriptCaches (57ms)
			SetupLoadedEditorAssemblies (261ms)
				LogAssemblyErrors (0ms)
				InitializePlatformSupportModulesInManaged (5ms)
				SetLoadedEditorAssemblies (1ms)
				RefreshPlugins (64ms)
				BeforeProcessingInitializeOnLoad (28ms)
				ProcessInitializeOnLoadAttributes (120ms)
				ProcessInitializeOnLoadMethodAttributes (43ms)
				AfterProcessingInitializeOnLoad (0ms)
				EditorAssembliesLoaded (0ms)
			ExecutionOrderSort2 (0ms)
			AwakeInstancesAfterBackupRestoration (0ms)
Platform modules already initialized, skipping
Registering precompiled user dll's ...
Registered in 0.005411 seconds.
Begin MonoManager ReloadAssembly
Native extension for WindowsStandalone target not found
Refreshing native plugins compatible for Editor in 78.49 ms, found 3 plugins.
Preloading 0 native plugins for Editor in 0.00 ms.
Mono: successfully reloaded assembly
- Completed reload, in  2.088 seconds
Domain Reload Profiling:
	ReloadAssembly (2090ms)
		BeginReloadAssembly (232ms)
			ExecutionOrderSort (0ms)
			DisableScriptedObjects (9ms)
			BackupInstance (0ms)
			ReleaseScriptingObjects (0ms)
			CreateAndSetChildDomain (27ms)
		EndReloadAssembly (1749ms)
			LoadAssemblies (196ms)
			RebuildTransferFunctionScriptingTraits (0ms)
			SetupTypeCache (569ms)
			ReleaseScriptCaches (1ms)
			RebuildScriptCaches (87ms)
			SetupLoadedEditorAssemblies (657ms)
				LogAssemblyErrors (0ms)
				InitializePlatformSupportModulesInManaged (6ms)
				SetLoadedEditorAssemblies (0ms)
				RefreshPlugins (79ms)
				BeforeProcessingInitializeOnLoad (165ms)
				ProcessInitializeOnLoadAttributes (366ms)
				ProcessInitializeOnLoadMethodAttributes (24ms)
				AfterProcessingInitializeOnLoad (17ms)
				EditorAssembliesLoaded (0ms)
			ExecutionOrderSort2 (0ms)
			AwakeInstancesAfterBackupRestoration (13ms)
Platform modules already initialized, skipping
========================================================================
Worker process is ready to serve import requests
Launched and connected shader compiler UnityShaderCompiler.exe after 0.17 seconds
Refreshing native plugins compatible for Editor in 0.53 ms, found 3 plugins.
Preloading 0 native plugins for Editor in 0.00 ms.
Unloading 2095 Unused Serialized files (Serialized files now loaded: 0)
System memory in use before: 93.2 MB.
System memory in use after: 93.3 MB.

Unloading 26 unused Assets to reduce memory usage. Loaded Objects now: 2536.
Total: 3.726800 ms (FindLiveObjects: 0.227400 ms CreateObjectMapping: 0.099900 ms MarkObjects: 3.313100 ms  DeleteObjects: 0.085300 ms)

AssetImportParameters requested are different than current active one (requested -> active):
  custom:framework-win-MediaFoundation: 216162199b28c13a410421893ffa2e32 -> 
  custom:video-decoder-ogg-theora: a1e56fd34408186e4bbccfd4996cb3dc -> 
  custom:container-muxer-webm: aa71ff27fc2769a1b78a27578f13a17b -> 
  custom:container-demuxer-webm: 4f35f7cbe854078d1ac9338744f61a02 -> 
  custom:container-demuxer-ogg: 62fdf1f143b41e24485cea50d1cbac27 -> 
  custom:video-encoder-webm-vp8: eb34c28f22e8b96e1ab97ce403110664 -> 
  custom:video-decoder-webm-vp8: 9c59270c3fd7afecdb556c50c9e8de78 -> 
  custom:audio-decoder-ogg-vorbis: bf7c407c2cedff20999df2af8eb42d56 -> 
  custom:audio-encoder-webm-vorbis: bf7c407c2cedff20999df2af8eb42d56 -> 
========================================================================
Received Import Request.
  path: Assets/Scripts/GameManager.cs
  artifactKey: Guid(a50ae5dd27b21f4418a2c9d20dc293d1) Importer(815301076,1909f56bfc062723c751e8b465ee728b)
Start importing Assets/Scripts/GameManager.cs using Guid(a50ae5dd27b21f4418a2c9d20dc293d1) Importer(815301076,1909f56bfc062723c751e8b465ee728b)  -> (artifact id: 'a92f7a2717b02a7e9dedb3b63b86e598') in 0.048368 seconds 
  Import took 0.055337 seconds .

========================================================================
Received Prepare
Registering precompiled user dll's ...
Registered in 0.009423 seconds.
Begin MonoManager ReloadAssembly
Native extension for WindowsStandalone target not found
Refreshing native plugins compatible for Editor in 1.19 ms, found 3 plugins.
Preloading 0 native plugins for Editor in 0.00 ms.
Mono: successfully reloaded assembly
- Completed reload, in  1.666 seconds
Domain Reload Profiling:
	ReloadAssembly (1666ms)
		BeginReloadAssembly (179ms)
			ExecutionOrderSort (0ms)
			DisableScriptedObjects (11ms)
			BackupInstance (0ms)
			ReleaseScriptingObjects (0ms)
			CreateAndSetChildDomain (53ms)
		EndReloadAssembly (1384ms)
			LoadAssemblies (148ms)
			RebuildTransferFunctionScriptingTraits (0ms)
			SetupTypeCache (434ms)
			ReleaseScriptCaches (2ms)
			RebuildScriptCaches (63ms)
			SetupLoadedEditorAssemblies (570ms)
				LogAssemblyErrors (0ms)
				InitializePlatformSupportModulesInManaged (7ms)
				SetLoadedEditorAssemblies (1ms)
				RefreshPlugins (1ms)
				BeforeProcessingInitializeOnLoad (134ms)
				ProcessInitializeOnLoadAttributes (400ms)
				ProcessInitializeOnLoadMethodAttributes (10ms)
				AfterProcessingInitializeOnLoad (18ms)
				EditorAssembliesLoaded (0ms)
			ExecutionOrderSort2 (0ms)
			AwakeInstancesAfterBackupRestoration (17ms)
Platform modules already initialized, skipping
Refreshing native plugins compatible for Editor in 0.54 ms, found 3 plugins.
Preloading 0 native plugins for Editor in 0.00 ms.
Unloading 2088 Unused Serialized files (Serialized files now loaded: 0)
System memory in use before: 92.8 MB.
System memory in use after: 92.9 MB.

Unloading 14 unused Assets to reduce memory usage. Loaded Objects now: 2542.
Total: 7.252700 ms (FindLiveObjects: 0.221400 ms CreateObjectMapping: 0.118700 ms MarkObjects: 6.879600 ms  DeleteObjects: 0.031000 ms)

AssetImportParameters requested are different than current active one (requested -> active):
  custom:framework-win-MediaFoundation: 216162199b28c13a410421893ffa2e32 -> 
  custom:video-decoder-ogg-theora: a1e56fd34408186e4bbccfd4996cb3dc -> 
  custom:container-muxer-webm: aa71ff27fc2769a1b78a27578f13a17b -> 
  custom:container-demuxer-webm: 4f35f7cbe854078d1ac9338744f61a02 -> 
  custom:container-demuxer-ogg: 62fdf1f143b41e24485cea50d1cbac27 -> 
  custom:video-encoder-webm-vp8: eb34c28f22e8b96e1ab97ce403110664 -> 
  custom:video-decoder-webm-vp8: 9c59270c3fd7afecdb556c50c9e8de78 -> 
  custom:audio-decoder-ogg-vorbis: bf7c407c2cedff20999df2af8eb42d56 -> 
  custom:audio-encoder-webm-vorbis: bf7c407c2cedff20999df2af8eb42d56 -> 
========================================================================
Received Prepare
Registering precompiled user dll's ...
Registered in 0.005318 seconds.
Begin MonoManager ReloadAssembly
Native extension for WindowsStandalone target not found
Refreshing native plugins compatible for Editor in 0.56 ms, found 3 plugins.
Preloading 0 native plugins for Editor in 0.00 ms.
Mono: successfully reloaded assembly
- Completed reload, in  1.452 seconds
Domain Reload Profiling:
	ReloadAssembly (1452ms)
		BeginReloadAssembly (179ms)
			ExecutionOrderSort (0ms)
			DisableScriptedObjects (10ms)
			BackupInstance (0ms)
			ReleaseScriptingObjects (0ms)
			CreateAndSetChildDomain (45ms)
		EndReloadAssembly (1178ms)
			LoadAssemblies (145ms)
			RebuildTransferFunctionScriptingTraits (0ms)
			SetupTypeCache (392ms)
			ReleaseScriptCaches (2ms)
			RebuildScriptCaches (57ms)
			SetupLoadedEditorAssemblies (445ms)
				LogAssemblyErrors (0ms)
				InitializePlatformSupportModulesInManaged (8ms)
				SetLoadedEditorAssemblies (1ms)
				RefreshPlugins (1ms)
				BeforeProcessingInitializeOnLoad (129ms)
				ProcessInitializeOnLoadAttributes (284ms)
				ProcessInitializeOnLoadMethodAttributes (9ms)
				AfterProcessingInitializeOnLoad (14ms)
				EditorAssembliesLoaded (0ms)
			ExecutionOrderSort2 (0ms)
			AwakeInstancesAfterBackupRestoration (16ms)
Platform modules already initialized, skipping
Refreshing native plugins compatible for Editor in 0.56 ms, found 3 plugins.
Preloading 0 native plugins for Editor in 0.00 ms.
Unloading 2088 Unused Serialized files (Serialized files now loaded: 0)
System memory in use before: 92.8 MB.
System memory in use after: 92.9 MB.

Unloading 14 unused Assets to reduce memory usage. Loaded Objects now: 2545.
Total: 6.222700 ms (FindLiveObjects: 0.222800 ms CreateObjectMapping: 0.093200 ms MarkObjects: 5.806300 ms  DeleteObjects: 0.081000 ms)

AssetImportParameters requested are different than current active one (requested -> active):
  custom:framework-win-MediaFoundation: 216162199b28c13a410421893ffa2e32 -> 
  custom:video-decoder-ogg-theora: a1e56fd34408186e4bbccfd4996cb3dc -> 
  custom:container-muxer-webm: aa71ff27fc2769a1b78a27578f13a17b -> 
  custom:container-demuxer-webm: 4f35f7cbe854078d1ac9338744f61a02 -> 
  custom:container-demuxer-ogg: 62fdf1f143b41e24485cea50d1cbac27 -> 
  custom:video-encoder-webm-vp8: eb34c28f22e8b96e1ab97ce403110664 -> 
  custom:video-decoder-webm-vp8: 9c59270c3fd7afecdb556c50c9e8de78 -> 
  custom:audio-decoder-ogg-vorbis: bf7c407c2cedff20999df2af8eb42d56 -> 
  custom:audio-encoder-webm-vorbis: bf7c407c2cedff20999df2af8eb42d56 -> 
========================================================================
Received Prepare
Registering precompiled user dll's ...
Registered in 0.005599 seconds.
Begin MonoManager ReloadAssembly
Native extension for WindowsStandalone target not found
Refreshing native plugins compatible for Editor in 0.63 ms, found 3 plugins.
Preloading 0 native plugins for Editor in 0.00 ms.
Mono: successfully reloaded assembly
- Completed reload, in  1.669 seconds
Domain Reload Profiling:
	ReloadAssembly (1670ms)
		BeginReloadAssembly (187ms)
			ExecutionOrderSort (0ms)
			DisableScriptedObjects (11ms)
			BackupInstance (0ms)
			ReleaseScriptingObjects (0ms)
			CreateAndSetChildDomain (50ms)
		EndReloadAssembly (1348ms)
			LoadAssemblies (160ms)
			RebuildTransferFunctionScriptingTraits (0ms)
			SetupTypeCache (424ms)
			ReleaseScriptCaches (1ms)
			RebuildScriptCaches (64ms)
			SetupLoadedEditorAssemblies (506ms)
				LogAssemblyErrors (0ms)
				InitializePlatformSupportModulesInManaged (9ms)
				SetLoadedEditorAssemblies (1ms)
				RefreshPlugins (1ms)
				BeforeProcessingInitializeOnLoad (163ms)
				ProcessInitializeOnLoadAttributes (309ms)
				ProcessInitializeOnLoadMethodAttributes (10ms)
				AfterProcessingInitializeOnLoad (14ms)
				EditorAssembliesLoaded (0ms)
			ExecutionOrderSort2 (0ms)
			AwakeInstancesAfterBackupRestoration (16ms)
Platform modules already initialized, skipping
Refreshing native plugins compatible for Editor in 0.55 ms, found 3 plugins.
Preloading 0 native plugins for Editor in 0.00 ms.
Unloading 2089 Unused Serialized files (Serialized files now loaded: 0)
System memory in use before: 92.9 MB.
System memory in use after: 93.0 MB.

Unloading 14 unused Assets to reduce memory usage. Loaded Objects now: 2549.
Total: 5.283000 ms (FindLiveObjects: 0.212300 ms CreateObjectMapping: 0.094000 ms MarkObjects: 4.929400 ms  DeleteObjects: 0.045900 ms)

AssetImportParameters requested are different than current active one (requested -> active):
  custom:framework-win-MediaFoundation: 216162199b28c13a410421893ffa2e32 -> 
  custom:video-decoder-ogg-theora: a1e56fd34408186e4bbccfd4996cb3dc -> 
  custom:container-muxer-webm: aa71ff27fc2769a1b78a27578f13a17b -> 
  custom:container-demuxer-webm: 4f35f7cbe854078d1ac9338744f61a02 -> 
  custom:container-demuxer-ogg: 62fdf1f143b41e24485cea50d1cbac27 -> 
  custom:video-encoder-webm-vp8: eb34c28f22e8b96e1ab97ce403110664 -> 
  custom:video-decoder-webm-vp8: 9c59270c3fd7afecdb556c50c9e8de78 -> 
  custom:audio-decoder-ogg-vorbis: bf7c407c2cedff20999df2af8eb42d56 -> 
  custom:audio-encoder-webm-vorbis: bf7c407c2cedff20999df2af8eb42d56 -> 
========================================================================
Received Import Request.
  Time since last request: 270.589640 seconds.
  path: Assets/BirdTrail.cs
  artifactKey: Guid(676a5e930effd414186f2768b5e4f604) Importer(815301076,1909f56bfc062723c751e8b465ee728b)
Start importing Assets/BirdTrail.cs using Guid(676a5e930effd414186f2768b5e4f604) Importer(815301076,1909f56bfc062723c751e8b465ee728b)  -> (artifact id: '796ba8dd56e629b37b1116a3c267f42e') in 0.006856 seconds 
  Import took 0.018343 seconds .

========================================================================
Received Prepare
Registering precompiled user dll's ...
Registered in 0.010755 seconds.
Begin MonoManager ReloadAssembly
Native extension for WindowsStandalone target not found
Refreshing native plugins compatible for Editor in 1.39 ms, found 3 plugins.
Preloading 0 native plugins for Editor in 0.00 ms.
Mono: successfully reloaded assembly
- Completed reload, in  1.972 seconds
Domain Reload Profiling:
	ReloadAssembly (1973ms)
		BeginReloadAssembly (190ms)
			ExecutionOrderSort (0ms)
			DisableScriptedObjects (9ms)
			BackupInstance (0ms)
			ReleaseScriptingObjects (0ms)
			CreateAndSetChildDomain (48ms)
		EndReloadAssembly (1315ms)
			LoadAssemblies (188ms)
			RebuildTransferFunctionScriptingTraits (3ms)
			SetupTypeCache (426ms)
			ReleaseScriptCaches (1ms)
			RebuildScriptCaches (60ms)
			SetupLoadedEditorAssemblies (490ms)
				LogAssemblyErrors (0ms)
				InitializePlatformSupportModulesInManaged (7ms)
				SetLoadedEditorAssemblies (2ms)
				RefreshPlugins (1ms)
				BeforeProcessingInitializeOnLoad (140ms)
				ProcessInitializeOnLoadAttributes (316ms)
				ProcessInitializeOnLoadMethodAttributes (8ms)
				AfterProcessingInitializeOnLoad (15ms)
				EditorAssembliesLoaded (0ms)
			ExecutionOrderSort2 (0ms)
			AwakeInstancesAfterBackupRestoration (17ms)
Platform modules already initialized, skipping
Refreshing native plugins compatible for Editor in 0.56 ms, found 3 plugins.
Preloading 0 native plugins for Editor in 0.00 ms.
Unloading 2089 Unused Serialized files (Serialized files now loaded: 0)
System memory in use before: 92.9 MB.
System memory in use after: 93.0 MB.

Unloading 14 unused Assets to reduce memory usage. Loaded Objects now: 2552.
Total: 4.098000 ms (FindLiveObjects: 0.261400 ms CreateObjectMapping: 0.134900 ms MarkObjects: 3.671800 ms  DeleteObjects: 0.027500 ms)

AssetImportParameters requested are different than current active one (requested -> active):
  custom:framework-win-MediaFoundation: 216162199b28c13a410421893ffa2e32 -> 
  custom:video-decoder-ogg-theora: a1e56fd34408186e4bbccfd4996cb3dc -> 
  custom:container-muxer-webm: aa71ff27fc2769a1b78a27578f13a17b -> 
  custom:container-demuxer-webm: 4f35f7cbe854078d1ac9338744f61a02 -> 
  custom:container-demuxer-ogg: 62fdf1f143b41e24485cea50d1cbac27 -> 
  custom:video-encoder-webm-vp8: eb34c28f22e8b96e1ab97ce403110664 -> 
  custom:video-decoder-webm-vp8: 9c59270c3fd7afecdb556c50c9e8de78 -> 
  custom:audio-decoder-ogg-vorbis: bf7c407c2cedff20999df2af8eb42d56 -> 
  custom:audio-encoder-webm-vorbis: bf7c407c2cedff20999df2af8eb42d56 -> 
========================================================================
Received Prepare
Registering precompiled user dll's ...
Registered in 0.013568 seconds.
Begin MonoManager ReloadAssembly
Native extension for WindowsStandalone target not found
Refreshing native plugins compatible for Editor in 0.55 ms, found 3 plugins.
Preloading 0 native plugins for Editor in 0.00 ms.
Mono: successfully reloaded assembly
- Completed reload, in  3.118 seconds
Domain Reload Profiling:
	ReloadAssembly (3119ms)
		BeginReloadAssembly (201ms)
			ExecutionOrderSort (0ms)
			DisableScriptedObjects (11ms)
			BackupInstance (0ms)
			ReleaseScriptingObjects (0ms)
			CreateAndSetChildDomain (49ms)
		EndReloadAssembly (2447ms)
			LoadAssemblies (206ms)
			RebuildTransferFunctionScriptingTraits (0ms)
			SetupTypeCache (455ms)
			ReleaseScriptCaches (1ms)
			RebuildScriptCaches (66ms)
			SetupLoadedEditorAssemblies (1572ms)
				LogAssemblyErrors (0ms)
				InitializePlatformSupportModulesInManaged (8ms)
				SetLoadedEditorAssemblies (1ms)
				RefreshPlugins (1ms)
				BeforeProcessingInitializeOnLoad (158ms)
				ProcessInitializeOnLoadAttributes (1381ms)
				ProcessInitializeOnLoadMethodAttributes (9ms)
				AfterProcessingInitializeOnLoad (15ms)
				EditorAssembliesLoaded (0ms)
			ExecutionOrderSort2 (0ms)
			AwakeInstancesAfterBackupRestoration (15ms)
Platform modules already initialized, skipping
Refreshing native plugins compatible for Editor in 0.59 ms, found 3 plugins.
Preloading 0 native plugins for Editor in 0.00 ms.
Unloading 2089 Unused Serialized files (Serialized files now loaded: 0)
System memory in use before: 92.9 MB.
System memory in use after: 93.0 MB.

Unloading 14 unused Assets to reduce memory usage. Loaded Objects now: 2555.
Total: 4.117400 ms (FindLiveObjects: 0.245200 ms CreateObjectMapping: 0.129000 ms MarkObjects: 3.713600 ms  DeleteObjects: 0.027500 ms)

AssetImportParameters requested are different than current active one (requested -> active):
  custom:framework-win-MediaFoundation: 216162199b28c13a410421893ffa2e32 -> 
  custom:video-decoder-ogg-theora: a1e56fd34408186e4bbccfd4996cb3dc -> 
  custom:container-muxer-webm: aa71ff27fc2769a1b78a27578f13a17b -> 
  custom:container-demuxer-webm: 4f35f7cbe854078d1ac9338744f61a02 -> 
  custom:container-demuxer-ogg: 62fdf1f143b41e24485cea50d1cbac27 -> 
  custom:video-encoder-webm-vp8: eb34c28f22e8b96e1ab97ce403110664 -> 
  custom:video-decoder-webm-vp8: 9c59270c3fd7afecdb556c50c9e8de78 -> 
  custom:audio-decoder-ogg-vorbis: bf7c407c2cedff20999df2af8eb42d56 -> 
  custom:audio-encoder-webm-vorbis: bf7c407c2cedff20999df2af8eb42d56 -> 
========================================================================
Received Prepare
Registering precompiled user dll's ...
Registered in 0.010002 seconds.
Begin MonoManager ReloadAssembly
Native extension for WindowsStandalone target not found
Refreshing native plugins compatible for Editor in 0.75 ms, found 3 plugins.
Preloading 0 native plugins for Editor in 0.00 ms.
Mono: successfully reloaded assembly
- Completed reload, in  3.544 seconds
Domain Reload Profiling:
	ReloadAssembly (3544ms)
		BeginReloadAssembly (221ms)
			ExecutionOrderSort (0ms)
			DisableScriptedObjects (8ms)
			BackupInstance (0ms)
			ReleaseScriptingObjects (0ms)
			CreateAndSetChildDomain (64ms)
		EndReloadAssembly (2560ms)
			LoadAssemblies (250ms)
			RebuildTransferFunctionScriptingTraits (0ms)
			SetupTypeCache (553ms)
			ReleaseScriptCaches (2ms)
			RebuildScriptCaches (82ms)
			SetupLoadedEditorAssemblies (1390ms)
				LogAssemblyErrors (0ms)
				InitializePlatformSupportModulesInManaged (8ms)
				SetLoadedEditorAssemblies (1ms)
				RefreshPlugins (1ms)
				BeforeProcessingInitializeOnLoad (813ms)
				ProcessInitializeOnLoadAttributes (526ms)
				ProcessInitializeOnLoadMethodAttributes (26ms)
				AfterProcessingInitializeOnLoad (15ms)
				EditorAssembliesLoaded (0ms)
			ExecutionOrderSort2 (0ms)
			AwakeInstancesAfterBackupRestoration (16ms)
Platform modules already initialized, skipping
Refreshing native plugins compatible for Editor in 0.60 ms, found 3 plugins.
Preloading 0 native plugins for Editor in 0.00 ms.
Unloading 2089 Unused Serialized files (Serialized files now loaded: 0)
System memory in use before: 92.9 MB.
System memory in use after: 93.0 MB.

Unloading 14 unused Assets to reduce memory usage. Loaded Objects now: 2558.
Total: 5.007100 ms (FindLiveObjects: 0.281400 ms CreateObjectMapping: 0.121300 ms MarkObjects: 4.575100 ms  DeleteObjects: 0.027100 ms)

AssetImportParameters requested are different than current active one (requested -> active):
  custom:framework-win-MediaFoundation: 216162199b28c13a410421893ffa2e32 -> 
  custom:video-decoder-ogg-theora: a1e56fd34408186e4bbccfd4996cb3dc -> 
  custom:container-muxer-webm: aa71ff27fc2769a1b78a27578f13a17b -> 
  custom:container-demuxer-webm: 4f35f7cbe854078d1ac9338744f61a02 -> 
  custom:container-demuxer-ogg: 62fdf1f143b41e24485cea50d1cbac27 -> 
  custom:video-encoder-webm-vp8: eb34c28f22e8b96e1ab97ce403110664 -> 
  custom:video-decoder-webm-vp8: 9c59270c3fd7afecdb556c50c9e8de78 -> 
  custom:audio-decoder-ogg-vorbis: bf7c407c2cedff20999df2af8eb42d56 -> 
  custom:audio-encoder-webm-vorbis: bf7c407c2cedff20999df2af8eb42d56 -> 
========================================================================
Received Prepare
Registering precompiled user dll's ...
Registered in 0.007313 seconds.
Begin MonoManager ReloadAssembly
Native extension for WindowsStandalone target not found
Refreshing native plugins compatible for Editor in 0.53 ms, found 3 plugins.
Preloading 0 native plugins for Editor in 0.00 ms.
Mono: successfully reloaded assembly
- Completed reload, in  1.868 seconds
Domain Reload Profiling:
	ReloadAssembly (1869ms)
		BeginReloadAssembly (468ms)
			ExecutionOrderSort (0ms)
			DisableScriptedObjects (10ms)
			BackupInstance (0ms)
			ReleaseScriptingObjects (0ms)
			CreateAndSetChildDomain (314ms)
		EndReloadAssembly (1285ms)
			LoadAssemblies (177ms)
			RebuildTransferFunctionScriptingTraits (0ms)
			SetupTypeCache (419ms)
			ReleaseScriptCaches (1ms)
			RebuildScriptCaches (64ms)
			SetupLoadedEditorAssemblies (488ms)
				LogAssemblyErrors (0ms)
				InitializePlatformSupportModulesInManaged (7ms)
				SetLoadedEditorAssemblies (1ms)
				RefreshPlugins (1ms)
				BeforeProcessingInitializeOnLoad (138ms)
				ProcessInitializeOnLoadAttributes (317ms)
				ProcessInitializeOnLoadMethodAttributes (9ms)
				AfterProcessingInitializeOnLoad (15ms)
				EditorAssembliesLoaded (0ms)
			ExecutionOrderSort2 (0ms)
			AwakeInstancesAfterBackupRestoration (16ms)
Platform modules already initialized, skipping
Refreshing native plugins compatible for Editor in 0.56 ms, found 3 plugins.
Preloading 0 native plugins for Editor in 0.00 ms.
Unloading 2089 Unused Serialized files (Serialized files now loaded: 0)
System memory in use before: 92.9 MB.
System memory in use after: 93.0 MB.

Unloading 14 unused Assets to reduce memory usage. Loaded Objects now: 2561.
Total: 3.988500 ms (FindLiveObjects: 0.261100 ms CreateObjectMapping: 0.122300 ms MarkObjects: 3.576000 ms  DeleteObjects: 0.027600 ms)

AssetImportParameters requested are different than current active one (requested -> active):
  custom:framework-win-MediaFoundation: 216162199b28c13a410421893ffa2e32 -> 
  custom:video-decoder-ogg-theora: a1e56fd34408186e4bbccfd4996cb3dc -> 
  custom:container-muxer-webm: aa71ff27fc2769a1b78a27578f13a17b -> 
  custom:container-demuxer-webm: 4f35f7cbe854078d1ac9338744f61a02 -> 
  custom:container-demuxer-ogg: 62fdf1f143b41e24485cea50d1cbac27 -> 
  custom:video-encoder-webm-vp8: eb34c28f22e8b96e1ab97ce403110664 -> 
  custom:video-decoder-webm-vp8: 9c59270c3fd7afecdb556c50c9e8de78 -> 
  custom:audio-decoder-ogg-vorbis: bf7c407c2cedff20999df2af8eb42d56 -> 
  custom:audio-encoder-webm-vorbis: bf7c407c2cedff20999df2af8eb42d56 -> 
========================================================================
Received Import Request.
  Time since last request: 712.275695 seconds.
  path: Assets/PocketRPG Trails/Prefabs/Heroes/Blade Master/3D/Materials/Blade Master-lambert4.mat
  artifactKey: Guid(601c8d282ca271246a5253f6516f8fa3) Importer(815301076,1909f56bfc062723c751e8b465ee728b)
Start importing Assets/PocketRPG Trails/Prefabs/Heroes/Blade Master/3D/Materials/Blade Master-lambert4.mat using Guid(601c8d282ca271246a5253f6516f8fa3) Importer(815301076,1909f56bfc062723c751e8b465ee728b)  -> (artifact id: '517e97339351db74c4048250058cf847') in 0.887573 seconds 
  Import took 0.892938 seconds .

========================================================================
Received Import Request.
  Time since last request: 0.000300 seconds.
  path: Assets/PocketRPG Trails/Prefabs/Items/Blade Master/3D/Materials/BM_Weapons_01-11 - Default.mat
  artifactKey: Guid(699a0d9fe292e8041b75a0f7e6e8af75) Importer(815301076,1909f56bfc062723c751e8b465ee728b)
Start importing Assets/PocketRPG Trails/Prefabs/Items/Blade Master/3D/Materials/BM_Weapons_01-11 - Default.mat using Guid(699a0d9fe292e8041b75a0f7e6e8af75) Importer(815301076,1909f56bfc062723c751e8b465ee728b)  -> (artifact id: 'aa42e8b9a83e23cc581a603c9fab2a85') in 0.040881 seconds 
  Import took 0.045495 seconds .

========================================================================
Received Import Request.
  Time since last request: 0.000056 seconds.
  path: Assets/PocketRPG Trails/Prefabs/Items/Blade Master/3D/Materials/BM_Weapons_01-15 - Default.mat
  artifactKey: Guid(7ba64fed443fd8140b2ff6ae28d0dd4c) Importer(815301076,1909f56bfc062723c751e8b465ee728b)
Start importing Assets/PocketRPG Trails/Prefabs/Items/Blade Master/3D/Materials/BM_Weapons_01-15 - Default.mat using Guid(7ba64fed443fd8140b2ff6ae28d0dd4c) Importer(815301076,1909f56bfc062723c751e8b465ee728b)  -> (artifact id: 'b9336074aea760d0b8c0249bea98e5dc') in 0.035659 seconds 
  Import took 0.043159 seconds .

========================================================================
Received Import Request.
  Time since last request: 0.000356 seconds.
  path: Assets/PocketRPG Trails/Prefabs/Items/Blade Master/3D/Materials/BM_Weapons_01-02 - Default.mat
  artifactKey: Guid(08079582349f2a54c9a099b64d49e38b) Importer(815301076,1909f56bfc062723c751e8b465ee728b)
Start importing Assets/PocketRPG Trails/Prefabs/Items/Blade Master/3D/Materials/BM_Weapons_01-02 - Default.mat using Guid(08079582349f2a54c9a099b64d49e38b) Importer(815301076,1909f56bfc062723c751e8b465ee728b)  -> (artifact id: '5b5e192f7044a588a6e63462ed5ac9d4') in 0.019039 seconds 
  Import took 0.025279 seconds .

========================================================================
Received Import Request.
  Time since last request: 0.001910 seconds.
  path: Assets/PocketRPG Trails/Prefabs/Heroes/Blade Master/3D/Materials/blade_master_diff_512_01.mat
  artifactKey: Guid(95d9d41858ed140419f4ed2384318240) Importer(815301076,1909f56bfc062723c751e8b465ee728b)
Start importing Assets/PocketRPG Trails/Prefabs/Heroes/Blade Master/3D/Materials/blade_master_diff_512_01.mat using Guid(95d9d41858ed140419f4ed2384318240) Importer(815301076,1909f56bfc062723c751e8b465ee728b)  -> (artifact id: 'e33a732dc2e966cddd08011e1f5bd36a') in 0.153766 seconds 
  Import took 0.158836 seconds .

========================================================================
Received Import Request.
  Time since last request: 0.000246 seconds.
  path: Assets/PocketRPG Trails/Prefabs/Items/Blade Master/3D/Materials/BM_Weapons_01-10 - Default.mat
  artifactKey: Guid(3a7eca672cf8aa149be75b0d55734ccb) Importer(815301076,1909f56bfc062723c751e8b465ee728b)
Start importing Assets/PocketRPG Trails/Prefabs/Items/Blade Master/3D/Materials/BM_Weapons_01-10 - Default.mat using Guid(3a7eca672cf8aa149be75b0d55734ccb) Importer(815301076,1909f56bfc062723c751e8b465ee728b)  -> (artifact id: 'e5fed28a803662f83c843e3fca37883d') in 0.015187 seconds 
  Import took 0.019500 seconds .

========================================================================
Received Import Request.
  Time since last request: 0.000458 seconds.
  path: Assets/PocketRPG Trails/Prefabs/Items/Blade Master/3D/Materials/BM_Weapons_01-01 - Default.mat
  artifactKey: Guid(42fb3bf13a203f44f85182bbe672bab6) Importer(815301076,1909f56bfc062723c751e8b465ee728b)
Start importing Assets/PocketRPG Trails/Prefabs/Items/Blade Master/3D/Materials/BM_Weapons_01-01 - Default.mat using Guid(42fb3bf13a203f44f85182bbe672bab6) Importer(815301076,1909f56bfc062723c751e8b465ee728b)  -> (artifact id: '65e738bcfd99b5607a059050a3ea709e') in 0.021030 seconds 
  Import took 0.028573 seconds .

========================================================================
Received Import Request.
  Time since last request: 0.000419 seconds.
  path: Assets/PocketRPG Trails/Prefabs/Items/Blade Master/3D/Materials/BM_Weapons_01-09 - Default.mat
  artifactKey: Guid(a0b1c60ea7c039a44bfa4bbb7d412da4) Importer(815301076,1909f56bfc062723c751e8b465ee728b)
Start importing Assets/PocketRPG Trails/Prefabs/Items/Blade Master/3D/Materials/BM_Weapons_01-09 - Default.mat using Guid(a0b1c60ea7c039a44bfa4bbb7d412da4) Importer(815301076,1909f56bfc062723c751e8b465ee728b)  -> (artifact id: '7e758e02a0e21d3e7c3d85c2931f27be') in 0.018379 seconds 
  Import took 0.024541 seconds .

========================================================================
Received Import Request.
  Time since last request: 0.586840 seconds.
  path: Assets/PocketRPG Trails/Prefabs/Items/Blade Master/3D/Materials/BM_Weapons_01-16 - Default.mat
  artifactKey: Guid(f069d08e13fe62e4fa5a0454576a8492) Importer(815301076,1909f56bfc062723c751e8b465ee728b)
Start importing Assets/PocketRPG Trails/Prefabs/Items/Blade Master/3D/Materials/BM_Weapons_01-16 - Default.mat using Guid(f069d08e13fe62e4fa5a0454576a8492) Importer(815301076,1909f56bfc062723c751e8b465ee728b)  -> (artifact id: 'bdf20a8660d54d308b0303fb62e45992') in 0.019490 seconds 
  Import took 0.024583 seconds .

========================================================================
Received Import Request.
  Time since last request: 0.000568 seconds.
  path: Assets/PocketRPG Trails/Prefabs/Items/Blade Master/3D/Materials/BM_Weapons_01-17 - Default.mat
  artifactKey: Guid(fd1e02001e060284ea93cb409240b28d) Importer(815301076,1909f56bfc062723c751e8b465ee728b)
Start importing Assets/PocketRPG Trails/Prefabs/Items/Blade Master/3D/Materials/BM_Weapons_01-17 - Default.mat using Guid(fd1e02001e060284ea93cb409240b28d) Importer(815301076,1909f56bfc062723c751e8b465ee728b)  -> (artifact id: 'ba1891a4077cda441dc7332b01894011') in 0.016893 seconds 
  Import took 0.021745 seconds .

========================================================================
Received Import Request.
  Time since last request: 0.008050 seconds.
  path: Assets/PocketRPG Trails/Prefabs/Items/Blade Master/3D/Materials/BM_Weapons_01-18 - Default.mat
  artifactKey: Guid(501437bb5a6d0114fa7d2004d3c886f3) Importer(815301076,1909f56bfc062723c751e8b465ee728b)
Start importing Assets/PocketRPG Trails/Prefabs/Items/Blade Master/3D/Materials/BM_Weapons_01-18 - Default.mat using Guid(501437bb5a6d0114fa7d2004d3c886f3) Importer(815301076,1909f56bfc062723c751e8b465ee728b)  -> (artifact id: '7a5ecf192b166250e5aab205a32aa964') in 0.019392 seconds 
  Import took 0.025808 seconds .

========================================================================
Received Import Request.
  Time since last request: 0.000402 seconds.
  path: Assets/PocketRPG Trails/Prefabs/Items/Blade Master/3D/Materials/BM_Weapons_01-19 - Default.mat
  artifactKey: Guid(3418c374f2d58504bbab8ffdb6534501) Importer(815301076,1909f56bfc062723c751e8b465ee728b)
Start importing Assets/PocketRPG Trails/Prefabs/Items/Blade Master/3D/Materials/BM_Weapons_01-19 - Default.mat using Guid(3418c374f2d58504bbab8ffdb6534501) Importer(815301076,1909f56bfc062723c751e8b465ee728b)  -> (artifact id: '65fff6c62c69a41d97315e798ffe7821') in 0.020431 seconds 
  Import took 0.027741 seconds .

========================================================================
Received Import Request.
  Time since last request: 0.041224 seconds.
  path: Assets/PocketRPG Trails/Prefabs/Items/Blade Master/3D/Materials/BM_Weapons_01-20 - Default.mat
  artifactKey: Guid(06e4c71a371019f428efe2bb7b755317) Importer(815301076,1909f56bfc062723c751e8b465ee728b)
Start importing Assets/PocketRPG Trails/Prefabs/Items/Blade Master/3D/Materials/BM_Weapons_01-20 - Default.mat using Guid(06e4c71a371019f428efe2bb7b755317) Importer(815301076,1909f56bfc062723c751e8b465ee728b)  -> (artifact id: '142fe919e69668a514110b1be9ad9058') in 0.030081 seconds 
  Import took 0.036507 seconds .

========================================================================
Received Import Request.
  Time since last request: 0.000294 seconds.
  path: Assets/PocketRPG Trails/Prefabs/Items/Blade Master/3D/Materials/BM_Weapons_01-21 - Default.mat
  artifactKey: Guid(a6fc52a4564974b468381894c664b1be) Importer(815301076,1909f56bfc062723c751e8b465ee728b)
Start importing Assets/PocketRPG Trails/Prefabs/Items/Blade Master/3D/Materials/BM_Weapons_01-21 - Default.mat using Guid(a6fc52a4564974b468381894c664b1be) Importer(815301076,1909f56bfc062723c751e8b465ee728b)  -> (artifact id: 'b42923bb633d73fe131e90759d1826ff') in 0.038234 seconds 
  Import took 0.043138 seconds .

========================================================================
Received Import Request.
  Time since last request: 0.017480 seconds.
  path: Assets/PocketRPG Trails/Prefabs/Items/Blade Master/3D/Materials/BM_Weapons_01-22 - Default.mat
  artifactKey: Guid(9beef2a1744536146b4755fc463a1aea) Importer(815301076,1909f56bfc062723c751e8b465ee728b)
Start importing Assets/PocketRPG Trails/Prefabs/Items/Blade Master/3D/Materials/BM_Weapons_01-22 - Default.mat using Guid(9beef2a1744536146b4755fc463a1aea) Importer(815301076,1909f56bfc062723c751e8b465ee728b)  -> (artifact id: '2db0faaefd3b1b9878913fbeab9c8684') in 0.292031 seconds 
  Import took 0.297302 seconds .

========================================================================
Received Import Request.
  Time since last request: 0.000299 seconds.
  path: Assets/PocketRPG Trails/Prefabs/Items/Blade Master/3D/Materials/BM_Weapons_01-23 - Default.mat
  artifactKey: Guid(ad3b1d5e35d763142a57842390fd9e98) Importer(815301076,1909f56bfc062723c751e8b465ee728b)
Start importing Assets/PocketRPG Trails/Prefabs/Items/Blade Master/3D/Materials/BM_Weapons_01-23 - Default.mat using Guid(ad3b1d5e35d763142a57842390fd9e98) Importer(815301076,1909f56bfc062723c751e8b465ee728b)  -> (artifact id: '57f91a32706f2e0a5194f18c5c701dd2') in 0.021305 seconds 
  Import took 0.026444 seconds .

========================================================================
Received Import Request.
  Time since last request: 0.076061 seconds.
  path: Assets/PocketRPG Trails/Prefabs/Items/Blade Master/3D/Materials/BM_Weapons_01-24 - Default.mat
  artifactKey: Guid(9a2e26cac01cbb246ba7370dd3dcb28e) Importer(815301076,1909f56bfc062723c751e8b465ee728b)
Start importing Assets/PocketRPG Trails/Prefabs/Items/Blade Master/3D/Materials/BM_Weapons_01-24 - Default.mat using Guid(9a2e26cac01cbb246ba7370dd3dcb28e) Importer(815301076,1909f56bfc062723c751e8b465ee728b)  -> (artifact id: '24ec2abf3374c4b4a2ce251c63512082') in 0.019006 seconds 
  Import took 0.023741 seconds .

========================================================================
Received Import Request.
  Time since last request: 0.000235 seconds.
  path: Assets/PocketRPG Trails/Prefabs/Items/Blade Master/3D/Materials/BM_Weapons_01-Standard_3.mat
  artifactKey: Guid(96010699703047a4ea6381ea98fd290f) Importer(815301076,1909f56bfc062723c751e8b465ee728b)
Start importing Assets/PocketRPG Trails/Prefabs/Items/Blade Master/3D/Materials/BM_Weapons_01-Standard_3.mat using Guid(96010699703047a4ea6381ea98fd290f) Importer(815301076,1909f56bfc062723c751e8b465ee728b)  -> (artifact id: '7de87df1df869c3a63f90955d8fe3eb9') in 0.030028 seconds 
  Import took 0.040276 seconds .

========================================================================
Received Import Request.
  Time since last request: 0.152180 seconds.
  path: Assets/PocketRPG Trails/Prefabs/Items/Blade Master/3D/Materials/BM_Weapons_01-Standard_4.mat
  artifactKey: Guid(1e20a257dd396dd4daea4f7262e6ba5b) Importer(815301076,1909f56bfc062723c751e8b465ee728b)
Start importing Assets/PocketRPG Trails/Prefabs/Items/Blade Master/3D/Materials/BM_Weapons_01-Standard_4.mat using Guid(1e20a257dd396dd4daea4f7262e6ba5b) Importer(815301076,1909f56bfc062723c751e8b465ee728b)  -> (artifact id: '53badbb50617c4362467e3a964194725') in 0.016198 seconds 
  Import took 0.021487 seconds .

========================================================================
Received Import Request.
  Time since last request: 0.000300 seconds.
  path: Assets/PocketRPG Trails/Prefabs/Items/Blade Master/3D/Materials/BM_Weapons_01-Standard_5.mat
  artifactKey: Guid(9bdaa36bee688664883936fcf2b21dd9) Importer(815301076,1909f56bfc062723c751e8b465ee728b)
Start importing Assets/PocketRPG Trails/Prefabs/Items/Blade Master/3D/Materials/BM_Weapons_01-Standard_5.mat using Guid(9bdaa36bee688664883936fcf2b21dd9) Importer(815301076,1909f56bfc062723c751e8b465ee728b)  -> (artifact id: 'ef9d93c53d02be67d10ebc23b705896a') in 0.014198 seconds 
  Import took 0.018208 seconds .

========================================================================
Received Import Request.
  Time since last request: 0.038391 seconds.
  path: Assets/PocketRPG Trails/Prefabs/Items/Blade Master/3D/Materials/BM_Weapons_01-Standard_6.mat
  artifactKey: Guid(1e2dbfeb15fa7a24aa4174a50cb24b1f) Importer(815301076,1909f56bfc062723c751e8b465ee728b)
Start importing Assets/PocketRPG Trails/Prefabs/Items/Blade Master/3D/Materials/BM_Weapons_01-Standard_6.mat using Guid(1e2dbfeb15fa7a24aa4174a50cb24b1f) Importer(815301076,1909f56bfc062723c751e8b465ee728b)  -> (artifact id: '8c2c0c463f4e1e3a8d28f62d6e96fece') in 0.016722 seconds 
  Import took 0.022496 seconds .

========================================================================
Received Import Request.
  Time since last request: 0.000347 seconds.
  path: Assets/PocketRPG Trails/Prefabs/Items/Blade Master/3D/Materials/BM_Weapons_01-Standard_7.mat
  artifactKey: Guid(6e0d3af457298e141bfa813ebf845e2f) Importer(815301076,1909f56bfc062723c751e8b465ee728b)
Start importing Assets/PocketRPG Trails/Prefabs/Items/Blade Master/3D/Materials/BM_Weapons_01-Standard_7.mat using Guid(6e0d3af457298e141bfa813ebf845e2f) Importer(815301076,1909f56bfc062723c751e8b465ee728b)  -> (artifact id: 'cfc3a6580fe1379a31164a571aef68e3') in 0.016487 seconds 
  Import took 0.021649 seconds .

========================================================================
Received Import Request.
  Time since last request: 0.274651 seconds.
  path: Assets/PocketRPG Trails/Prefabs/Items/Blade Master/3D/Materials/BM_Weapons_01-Standard_8.mat
  artifactKey: Guid(ff68e8c94151a7341830a8a3aa6766bb) Importer(815301076,1909f56bfc062723c751e8b465ee728b)
Start importing Assets/PocketRPG Trails/Prefabs/Items/Blade Master/3D/Materials/BM_Weapons_01-Standard_8.mat using Guid(ff68e8c94151a7341830a8a3aa6766bb) Importer(815301076,1909f56bfc062723c751e8b465ee728b)  -> (artifact id: '47fdbca16aed3781b84435806f740ecc') in 0.016961 seconds 
  Import took 0.023142 seconds .

========================================================================
Received Import Request.
  Time since last request: 0.000402 seconds.
  path: Assets/PocketRPG Trails/Prefabs/Items/Blade Master/3D/Materials/BM_Weapons_01-Standard_9.mat
  artifactKey: Guid(044027fdfec4ca64287334c59b07c8f7) Importer(815301076,1909f56bfc062723c751e8b465ee728b)
Start importing Assets/PocketRPG Trails/Prefabs/Items/Blade Master/3D/Materials/BM_Weapons_01-Standard_9.mat using Guid(044027fdfec4ca64287334c59b07c8f7) Importer(815301076,1909f56bfc062723c751e8b465ee728b)  -> (artifact id: '8c5b41ad68b67dcd349eb7dc6dc92419') in 0.019942 seconds 
  Import took 0.024971 seconds .

========================================================================
Received Import Request.
  Time since last request: 0.032907 seconds.
  path: Assets/PocketRPG Trails/Prefabs/Items/Blade Master/3D/Materials/BM_Weapons_01-Standard_10.mat
  artifactKey: Guid(a83c4ff95b3ed274a8033bea339171a3) Importer(815301076,1909f56bfc062723c751e8b465ee728b)
Start importing Assets/PocketRPG Trails/Prefabs/Items/Blade Master/3D/Materials/BM_Weapons_01-Standard_10.mat using Guid(a83c4ff95b3ed274a8033bea339171a3) Importer(815301076,1909f56bfc062723c751e8b465ee728b)  -> (artifact id: '5b05e3c9d8a247a7cdd6202b75bb4462') in 0.024683 seconds 
  Import took 0.032782 seconds .

========================================================================
Received Import Request.
  Time since last request: 0.000452 seconds.
  path: Assets/PocketRPG Trails/Prefabs/Items/Blade Master/3D/Materials/BM_Weapons_01-Standard_11.mat
  artifactKey: Guid(258e608817b687b4686f26771bd5f24b) Importer(815301076,1909f56bfc062723c751e8b465ee728b)
Start importing Assets/PocketRPG Trails/Prefabs/Items/Blade Master/3D/Materials/BM_Weapons_01-Standard_11.mat using Guid(258e608817b687b4686f26771bd5f24b) Importer(815301076,1909f56bfc062723c751e8b465ee728b)  -> (artifact id: 'e0efdb26da22faab16be814cf940c84c') in 0.018250 seconds 
  Import took 0.024088 seconds .

========================================================================
Received Import Request.
  Time since last request: 0.069865 seconds.
  path: Assets/PocketRPG Trails/Prefabs/Items/Blade Master/3D/Materials/BM_Weapons_01-Standard_12.mat
  artifactKey: Guid(a1566247f568aee4f90dfb0ff7df84d5) Importer(815301076,1909f56bfc062723c751e8b465ee728b)
Start importing Assets/PocketRPG Trails/Prefabs/Items/Blade Master/3D/Materials/BM_Weapons_01-Standard_12.mat using Guid(a1566247f568aee4f90dfb0ff7df84d5) Importer(815301076,1909f56bfc062723c751e8b465ee728b)  -> (artifact id: '9f7cf1950a4760d17d7332a17583f2dd') in 0.016996 seconds 
  Import took 0.024789 seconds .

========================================================================
Received Import Request.
  Time since last request: 0.000336 seconds.
  path: Assets/PocketRPG Trails/Prefabs/Items/Blade Master/3D/Materials/BM_Weapons_01-Standard_13.mat
  artifactKey: Guid(f5a97e4844180934a83da8d9e9cb5f09) Importer(815301076,1909f56bfc062723c751e8b465ee728b)
Start importing Assets/PocketRPG Trails/Prefabs/Items/Blade Master/3D/Materials/BM_Weapons_01-Standard_13.mat using Guid(f5a97e4844180934a83da8d9e9cb5f09) Importer(815301076,1909f56bfc062723c751e8b465ee728b)  -> (artifact id: '48dc1b61f6c861e1910ccf36ca7d5d8d') in 0.025932 seconds 
  Import took 0.031697 seconds .

========================================================================
Received Import Request.
  Time since last request: 0.201715 seconds.
  path: Assets/PocketRPG Trails/Prefabs/Items/Blade Master/3D/Materials/BM_Weapons_01-Standard_14.mat
  artifactKey: Guid(fe19b10e10f4bb2469b18203e2518cd1) Importer(815301076,1909f56bfc062723c751e8b465ee728b)
Start importing Assets/PocketRPG Trails/Prefabs/Items/Blade Master/3D/Materials/BM_Weapons_01-Standard_14.mat using Guid(fe19b10e10f4bb2469b18203e2518cd1) Importer(815301076,1909f56bfc062723c751e8b465ee728b)  -> (artifact id: 'c005d17cf4cbccb5787771fdf3e0dea0') in 0.016135 seconds 
  Import took 0.021460 seconds .

========================================================================
Received Import Request.
  Time since last request: 0.000349 seconds.
  path: Assets/PocketRPG Trails/Prefabs/Items/Blade Master/3D/Materials/BM_Weapons_01-Standard_15.mat
  artifactKey: Guid(dda82214c8a34d14fa9ef6fead9a41af) Importer(815301076,1909f56bfc062723c751e8b465ee728b)
Start importing Assets/PocketRPG Trails/Prefabs/Items/Blade Master/3D/Materials/BM_Weapons_01-Standard_15.mat using Guid(dda82214c8a34d14fa9ef6fead9a41af) Importer(815301076,1909f56bfc062723c751e8b465ee728b)  -> (artifact id: 'd7221b0ac5c201166c8c2d69833b9f0e') in 0.016903 seconds 
  Import took 0.024318 seconds .

========================================================================
Received Import Request.
  Time since last request: 0.101111 seconds.
  path: Assets/PocketRPG Trails/Prefabs/Items/Blade Master/3D/Materials/BM_Weapons_01-Standard_16.mat
  artifactKey: Guid(353b30ac07b94cf4687d28a890e58859) Importer(815301076,1909f56bfc062723c751e8b465ee728b)
Start importing Assets/PocketRPG Trails/Prefabs/Items/Blade Master/3D/Materials/BM_Weapons_01-Standard_16.mat using Guid(353b30ac07b94cf4687d28a890e58859) Importer(815301076,1909f56bfc062723c751e8b465ee728b)  -> (artifact id: '4469a909d6be7f167bde09027a729443') in 0.026503 seconds 
  Import took 0.032168 seconds .

========================================================================
Received Import Request.
  Time since last request: 0.000439 seconds.
  path: Assets/PocketRPG Trails/Prefabs/Ground/Materials/GroundTile-lambert1.mat
  artifactKey: Guid(4272fa4ad6b2b4758b684c429d713cb5) Importer(815301076,1909f56bfc062723c751e8b465ee728b)
Start importing Assets/PocketRPG Trails/Prefabs/Ground/Materials/GroundTile-lambert1.mat using Guid(4272fa4ad6b2b4758b684c429d713cb5) Importer(815301076,1909f56bfc062723c751e8b465ee728b)  -> (artifact id: 'bbbb189a11b3b94c39db36e1cce55f15') in 0.511884 seconds 
  Import took 0.517320 seconds .

========================================================================
Received Import Request.
  Time since last request: 0.000289 seconds.
  path: Assets/PocketRPG Trails/Prefabs/Heroes/General/Shadow.mat
  artifactKey: Guid(509846e1aca104150924ac18d7166e05) Importer(815301076,1909f56bfc062723c751e8b465ee728b)
Start importing Assets/PocketRPG Trails/Prefabs/Heroes/General/Shadow.mat using Guid(509846e1aca104150924ac18d7166e05) Importer(815301076,1909f56bfc062723c751e8b465ee728b)  -> (artifact id: '205e0c3bc2f0ff147849e43fca992b5c') in 0.068768 seconds 
  Import took 0.073030 seconds .

========================================================================
Received Import Request.
  Time since last request: 0.000326 seconds.
  path: Assets/PocketRPG Trails/Prefabs/Effects/Attacks/WeaponTrail.mat
  artifactKey: Guid(e013d49975be34033a86a6226b42d85d) Importer(815301076,1909f56bfc062723c751e8b465ee728b)
Start importing Assets/PocketRPG Trails/Prefabs/Effects/Attacks/WeaponTrail.mat using Guid(e013d49975be34033a86a6226b42d85d) Importer(815301076,1909f56bfc062723c751e8b465ee728b)  -> (artifact id: 'e32c62d9b57c557cd71a60a1b4d47b4d') in 0.071908 seconds 
  Import took 0.077047 seconds .

========================================================================
Received Import Request.
  Time since last request: 0.000318 seconds.
  path: Assets/PocketRPG Trails/Prefabs/Items/Blade Master/3D/Materials/Weapon_Blade_01.mat
  artifactKey: Guid(16c9b3b5ac2a4e14d9e4bdf5233e81bd) Importer(815301076,1909f56bfc062723c751e8b465ee728b)
Start importing Assets/PocketRPG Trails/Prefabs/Items/Blade Master/3D/Materials/Weapon_Blade_01.mat using Guid(16c9b3b5ac2a4e14d9e4bdf5233e81bd) Importer(815301076,1909f56bfc062723c751e8b465ee728b)  -> (artifact id: '2be213ebe632e97e482b5099371408ee') in 0.023596 seconds 
  Import took 0.031136 seconds .

========================================================================
Received Import Request.
  Time since last request: 0.000174 seconds.
  path: Assets/PocketRPG Trails/Prefabs/Items/Blade Master/3D/Materials/weapon_blade_Scimitar_Silver.mat
  artifactKey: Guid(01e63337ea23b40f78b241513497b5bf) Importer(815301076,1909f56bfc062723c751e8b465ee728b)
Start importing Assets/PocketRPG Trails/Prefabs/Items/Blade Master/3D/Materials/weapon_blade_Scimitar_Silver.mat using Guid(01e63337ea23b40f78b241513497b5bf) Importer(815301076,1909f56bfc062723c751e8b465ee728b)  -> (artifact id: '892850e5041aeaf82870a3fb7995506e') in 0.025842 seconds 
  Import took 0.033132 seconds .

========================================================================
Received Import Request.
  Time since last request: 19.770495 seconds.
  path: Assets/PocketRPG Trails/Prefabs/Effects/Attacks/weaponTrail02.psd
  artifactKey: Guid(43887a0a04870490694c45d1e1962a46) Importer(815301076,1909f56bfc062723c751e8b465ee728b)
Start importing Assets/PocketRPG Trails/Prefabs/Effects/Attacks/weaponTrail02.psd using Guid(43887a0a04870490694c45d1e1962a46) Importer(815301076,1909f56bfc062723c751e8b465ee728b)  -> (artifact id: '3670445fe7c72a587a7627427e21452e') in 0.067010 seconds 
  Import took 0.072908 seconds .

========================================================================
Received Prepare
Registering precompiled user dll's ...
Registered in 0.007038 seconds.
Begin MonoManager ReloadAssembly
Native extension for WindowsStandalone target not found
Refreshing native plugins compatible for Editor in 0.54 ms, found 3 plugins.
Preloading 0 native plugins for Editor in 0.00 ms.
Mono: successfully reloaded assembly
- Completed reload, in  2.043 seconds
Domain Reload Profiling:
	ReloadAssembly (2044ms)
		BeginReloadAssembly (201ms)
			ExecutionOrderSort (0ms)
			DisableScriptedObjects (8ms)
			BackupInstance (0ms)
			ReleaseScriptingObjects (0ms)
			CreateAndSetChildDomain (52ms)
		EndReloadAssembly (1745ms)
			LoadAssemblies (168ms)
			RebuildTransferFunctionScriptingTraits (0ms)
			SetupTypeCache (881ms)
			ReleaseScriptCaches (1ms)
			RebuildScriptCaches (62ms)
			SetupLoadedEditorAssemblies (497ms)
				LogAssemblyErrors (0ms)
				InitializePlatformSupportModulesInManaged (8ms)
				SetLoadedEditorAssemblies (1ms)
				RefreshPlugins (1ms)
				BeforeProcessingInitializeOnLoad (131ms)
				ProcessInitializeOnLoadAttributes (335ms)
				ProcessInitializeOnLoadMethodAttributes (8ms)
				AfterProcessingInitializeOnLoad (14ms)
				EditorAssembliesLoaded (0ms)
			ExecutionOrderSort2 (0ms)
			AwakeInstancesAfterBackupRestoration (16ms)
Platform modules already initialized, skipping
Refreshing native plugins compatible for Editor in 0.70 ms, found 3 plugins.
Preloading 0 native plugins for Editor in 0.00 ms.
Unloading 2089 Unused Serialized files (Serialized files now loaded: 0)
System memory in use before: 96.5 MB.
System memory in use after: 96.7 MB.

Unloading 14 unused Assets to reduce memory usage. Loaded Objects now: 2608.
Total: 5.943100 ms (FindLiveObjects: 0.600200 ms CreateObjectMapping: 0.262800 ms MarkObjects: 5.049400 ms  DeleteObjects: 0.029300 ms)

AssetImportParameters requested are different than current active one (requested -> active):
  custom:framework-win-MediaFoundation: 216162199b28c13a410421893ffa2e32 -> 
  custom:video-decoder-ogg-theora: a1e56fd34408186e4bbccfd4996cb3dc -> 
  custom:container-muxer-webm: aa71ff27fc2769a1b78a27578f13a17b -> 
  custom:container-demuxer-webm: 4f35f7cbe854078d1ac9338744f61a02 -> 
  custom:container-demuxer-ogg: 62fdf1f143b41e24485cea50d1cbac27 -> 
  custom:video-encoder-webm-vp8: eb34c28f22e8b96e1ab97ce403110664 -> 
  custom:video-decoder-webm-vp8: 9c59270c3fd7afecdb556c50c9e8de78 -> 
  custom:audio-decoder-ogg-vorbis: bf7c407c2cedff20999df2af8eb42d56 -> 
  custom:audio-encoder-webm-vorbis: bf7c407c2cedff20999df2af8eb42d56 -> 
========================================================================
Received Prepare
Registering precompiled user dll's ...
Registered in 0.005321 seconds.
Begin MonoManager ReloadAssembly
Native extension for WindowsStandalone target not found
Refreshing native plugins compatible for Editor in 0.68 ms, found 3 plugins.
Preloading 0 native plugins for Editor in 0.00 ms.
Mono: successfully reloaded assembly
- Completed reload, in  1.792 seconds
Domain Reload Profiling:
	ReloadAssembly (1793ms)
		BeginReloadAssembly (175ms)
			ExecutionOrderSort (0ms)
			DisableScriptedObjects (8ms)
			BackupInstance (0ms)
			ReleaseScriptingObjects (0ms)
			CreateAndSetChildDomain (45ms)
		EndReloadAssembly (1526ms)
			LoadAssemblies (166ms)
			RebuildTransferFunctionScriptingTraits (0ms)
			SetupTypeCache (654ms)
			ReleaseScriptCaches (1ms)
			RebuildScriptCaches (68ms)
			SetupLoadedEditorAssemblies (479ms)
				LogAssemblyErrors (0ms)
				InitializePlatformSupportModulesInManaged (9ms)
				SetLoadedEditorAssemblies (2ms)
				RefreshPlugins (1ms)
				BeforeProcessingInitializeOnLoad (146ms)
				ProcessInitializeOnLoadAttributes (301ms)
				ProcessInitializeOnLoadMethodAttributes (8ms)
				AfterProcessingInitializeOnLoad (12ms)
				EditorAssembliesLoaded (0ms)
			ExecutionOrderSort2 (0ms)
			AwakeInstancesAfterBackupRestoration (13ms)
Platform modules already initialized, skipping
Refreshing native plugins compatible for Editor in 0.59 ms, found 3 plugins.
Preloading 0 native plugins for Editor in 0.00 ms.
Unloading 2089 Unused Serialized files (Serialized files now loaded: 0)
System memory in use before: 96.5 MB.
System memory in use after: 96.7 MB.

Unloading 14 unused Assets to reduce memory usage. Loaded Objects now: 2611.
Total: 5.285500 ms (FindLiveObjects: 0.233800 ms CreateObjectMapping: 0.101500 ms MarkObjects: 4.907300 ms  DeleteObjects: 0.041100 ms)

AssetImportParameters requested are different than current active one (requested -> active):
  custom:framework-win-MediaFoundation: 216162199b28c13a410421893ffa2e32 -> 
  custom:video-decoder-ogg-theora: a1e56fd34408186e4bbccfd4996cb3dc -> 
  custom:container-muxer-webm: aa71ff27fc2769a1b78a27578f13a17b -> 
  custom:container-demuxer-webm: 4f35f7cbe854078d1ac9338744f61a02 -> 
  custom:container-demuxer-ogg: 62fdf1f143b41e24485cea50d1cbac27 -> 
  custom:video-encoder-webm-vp8: eb34c28f22e8b96e1ab97ce403110664 -> 
  custom:video-decoder-webm-vp8: 9c59270c3fd7afecdb556c50c9e8de78 -> 
  custom:audio-decoder-ogg-vorbis: bf7c407c2cedff20999df2af8eb42d56 -> 
  custom:audio-encoder-webm-vorbis: bf7c407c2cedff20999df2af8eb42d56 -> 
========================================================================
Received Prepare
Registering precompiled user dll's ...
Registered in 0.006201 seconds.
Begin MonoManager ReloadAssembly
Native extension for WindowsStandalone target not found
Refreshing native plugins compatible for Editor in 0.57 ms, found 3 plugins.
Preloading 0 native plugins for Editor in 0.00 ms.
Mono: successfully reloaded assembly
- Completed reload, in  2.402 seconds
Domain Reload Profiling:
	ReloadAssembly (2402ms)
		BeginReloadAssembly (662ms)
			ExecutionOrderSort (0ms)
			DisableScriptedObjects (8ms)
			BackupInstance (0ms)
			ReleaseScriptingObjects (0ms)
			CreateAndSetChildDomain (58ms)
		EndReloadAssembly (1587ms)
			LoadAssemblies (664ms)
			RebuildTransferFunctionScriptingTraits (0ms)
			SetupTypeCache (497ms)
			ReleaseScriptCaches (1ms)
			RebuildScriptCaches (75ms)
			SetupLoadedEditorAssemblies (611ms)
				LogAssemblyErrors (0ms)
				InitializePlatformSupportModulesInManaged (8ms)
				SetLoadedEditorAssemblies (2ms)
				RefreshPlugins (1ms)
				BeforeProcessingInitializeOnLoad (167ms)
				ProcessInitializeOnLoadAttributes (404ms)
				ProcessInitializeOnLoadMethodAttributes (12ms)
				AfterProcessingInitializeOnLoad (17ms)
				EditorAssembliesLoaded (0ms)
			ExecutionOrderSort2 (0ms)
			AwakeInstancesAfterBackupRestoration (19ms)
Platform modules already initialized, skipping
Refreshing native plugins compatible for Editor in 0.57 ms, found 3 plugins.
Preloading 0 native plugins for Editor in 0.00 ms.
Unloading 2089 Unused Serialized files (Serialized files now loaded: 0)
System memory in use before: 96.6 MB.
System memory in use after: 96.7 MB.

Unloading 14 unused Assets to reduce memory usage. Loaded Objects now: 2614.
Total: 5.053800 ms (FindLiveObjects: 0.400000 ms CreateObjectMapping: 0.154900 ms MarkObjects: 4.473100 ms  DeleteObjects: 0.024000 ms)

AssetImportParameters requested are different than current active one (requested -> active):
  custom:framework-win-MediaFoundation: 216162199b28c13a410421893ffa2e32 -> 
  custom:video-decoder-ogg-theora: a1e56fd34408186e4bbccfd4996cb3dc -> 
  custom:container-muxer-webm: aa71ff27fc2769a1b78a27578f13a17b -> 
  custom:container-demuxer-webm: 4f35f7cbe854078d1ac9338744f61a02 -> 
  custom:container-demuxer-ogg: 62fdf1f143b41e24485cea50d1cbac27 -> 
  custom:video-encoder-webm-vp8: eb34c28f22e8b96e1ab97ce403110664 -> 
  custom:video-decoder-webm-vp8: 9c59270c3fd7afecdb556c50c9e8de78 -> 
  custom:audio-decoder-ogg-vorbis: bf7c407c2cedff20999df2af8eb42d56 -> 
  custom:audio-encoder-webm-vorbis: bf7c407c2cedff20999df2af8eb42d56 -> 
========================================================================
Received Prepare
Registering precompiled user dll's ...
Registered in 0.009419 seconds.
Begin MonoManager ReloadAssembly
Native extension for WindowsStandalone target not found
Refreshing native plugins compatible for Editor in 0.57 ms, found 3 plugins.
Preloading 0 native plugins for Editor in 0.00 ms.
Mono: successfully reloaded assembly
- Completed reload, in  3.655 seconds
Domain Reload Profiling:
	ReloadAssembly (3656ms)
		BeginReloadAssembly (213ms)
			ExecutionOrderSort (0ms)
			DisableScriptedObjects (10ms)
			BackupInstance (0ms)
			ReleaseScriptingObjects (0ms)
			CreateAndSetChildDomain (73ms)
		EndReloadAssembly (3336ms)
			LoadAssemblies (898ms)
			RebuildTransferFunctionScriptingTraits (0ms)
			SetupTypeCache (460ms)
			ReleaseScriptCaches (2ms)
			RebuildScriptCaches (72ms)
			SetupLoadedEditorAssemblies (1716ms)
				LogAssemblyErrors (0ms)
				InitializePlatformSupportModulesInManaged (11ms)
				SetLoadedEditorAssemblies (2ms)
				RefreshPlugins (1ms)
				BeforeProcessingInitializeOnLoad (166ms)
				ProcessInitializeOnLoadAttributes (1501ms)
				ProcessInitializeOnLoadMethodAttributes (13ms)
				AfterProcessingInitializeOnLoad (21ms)
				EditorAssembliesLoaded (0ms)
			ExecutionOrderSort2 (0ms)
			AwakeInstancesAfterBackupRestoration (26ms)
Platform modules already initialized, skipping
Refreshing native plugins compatible for Editor in 0.92 ms, found 3 plugins.
Preloading 0 native plugins for Editor in 0.00 ms.
Unloading 2089 Unused Serialized files (Serialized files now loaded: 0)
System memory in use before: 96.6 MB.
System memory in use after: 96.7 MB.

Unloading 14 unused Assets to reduce memory usage. Loaded Objects now: 2617.
Total: 9.254700 ms (FindLiveObjects: 0.279700 ms CreateObjectMapping: 1.933400 ms MarkObjects: 7.013300 ms  DeleteObjects: 0.026100 ms)

AssetImportParameters requested are different than current active one (requested -> active):
  custom:framework-win-MediaFoundation: 216162199b28c13a410421893ffa2e32 -> 
  custom:video-decoder-ogg-theora: a1e56fd34408186e4bbccfd4996cb3dc -> 
  custom:container-muxer-webm: aa71ff27fc2769a1b78a27578f13a17b -> 
  custom:container-demuxer-webm: 4f35f7cbe854078d1ac9338744f61a02 -> 
  custom:container-demuxer-ogg: 62fdf1f143b41e24485cea50d1cbac27 -> 
  custom:video-encoder-webm-vp8: eb34c28f22e8b96e1ab97ce403110664 -> 
  custom:video-decoder-webm-vp8: 9c59270c3fd7afecdb556c50c9e8de78 -> 
  custom:audio-decoder-ogg-vorbis: bf7c407c2cedff20999df2af8eb42d56 -> 
  custom:audio-encoder-webm-vorbis: bf7c407c2cedff20999df2af8eb42d56 -> 
========================================================================
Received Prepare
Registering precompiled user dll's ...
Registered in 0.020274 seconds.
Begin MonoManager ReloadAssembly
Native extension for WindowsStandalone target not found
Refreshing native plugins compatible for Editor in 0.86 ms, found 3 plugins.
Preloading 0 native plugins for Editor in 0.00 ms.
Mono: successfully reloaded assembly
- Completed reload, in  1.915 seconds
Domain Reload Profiling:
	ReloadAssembly (1915ms)
		BeginReloadAssembly (194ms)
			ExecutionOrderSort (0ms)
			DisableScriptedObjects (9ms)
			BackupInstance (0ms)
			ReleaseScriptingObjects (0ms)
			CreateAndSetChildDomain (54ms)
		EndReloadAssembly (1614ms)
			LoadAssemblies (160ms)
			RebuildTransferFunctionScriptingTraits (0ms)
			SetupTypeCache (753ms)
			ReleaseScriptCaches (1ms)
			RebuildScriptCaches (56ms)
			SetupLoadedEditorAssemblies (484ms)
				LogAssemblyErrors (0ms)
				InitializePlatformSupportModulesInManaged (12ms)
				SetLoadedEditorAssemblies (2ms)
				RefreshPlugins (1ms)
				BeforeProcessingInitializeOnLoad (135ms)
				ProcessInitializeOnLoadAttributes (308ms)
				ProcessInitializeOnLoadMethodAttributes (10ms)
				AfterProcessingInitializeOnLoad (15ms)
				EditorAssembliesLoaded (0ms)
			ExecutionOrderSort2 (0ms)
			AwakeInstancesAfterBackupRestoration (15ms)
Platform modules already initialized, skipping
Refreshing native plugins compatible for Editor in 0.52 ms, found 3 plugins.
Preloading 0 native plugins for Editor in 0.00 ms.
Unloading 2089 Unused Serialized files (Serialized files now loaded: 0)
System memory in use before: 96.6 MB.
System memory in use after: 96.7 MB.

Unloading 14 unused Assets to reduce memory usage. Loaded Objects now: 2620.
Total: 5.318200 ms (FindLiveObjects: 0.224500 ms CreateObjectMapping: 0.589900 ms MarkObjects: 4.471500 ms  DeleteObjects: 0.030800 ms)

AssetImportParameters requested are different than current active one (requested -> active):
  custom:framework-win-MediaFoundation: 216162199b28c13a410421893ffa2e32 -> 
  custom:video-decoder-ogg-theora: a1e56fd34408186e4bbccfd4996cb3dc -> 
  custom:container-muxer-webm: aa71ff27fc2769a1b78a27578f13a17b -> 
  custom:container-demuxer-webm: 4f35f7cbe854078d1ac9338744f61a02 -> 
  custom:container-demuxer-ogg: 62fdf1f143b41e24485cea50d1cbac27 -> 
  custom:video-encoder-webm-vp8: eb34c28f22e8b96e1ab97ce403110664 -> 
  custom:video-decoder-webm-vp8: 9c59270c3fd7afecdb556c50c9e8de78 -> 
  custom:audio-decoder-ogg-vorbis: bf7c407c2cedff20999df2af8eb42d56 -> 
  custom:audio-encoder-webm-vorbis: bf7c407c2cedff20999df2af8eb42d56 -> 
========================================================================
Received Prepare
Registering precompiled user dll's ...
Registered in 0.008856 seconds.
Begin MonoManager ReloadAssembly
Native extension for WindowsStandalone target not found
Refreshing native plugins compatible for Editor in 0.50 ms, found 3 plugins.
Preloading 0 native plugins for Editor in 0.00 ms.
Mono: successfully reloaded assembly
- Completed reload, in  1.818 seconds
Domain Reload Profiling:
	ReloadAssembly (1818ms)
		BeginReloadAssembly (173ms)
			ExecutionOrderSort (0ms)
			DisableScriptedObjects (8ms)
			BackupInstance (0ms)
			ReleaseScriptingObjects (0ms)
			CreateAndSetChildDomain (42ms)
		EndReloadAssembly (1250ms)
			LoadAssemblies (158ms)
			RebuildTransferFunctionScriptingTraits (0ms)
			SetupTypeCache (393ms)
			ReleaseScriptCaches (1ms)
			RebuildScriptCaches (58ms)
			SetupLoadedEditorAssemblies (507ms)
				LogAssemblyErrors (0ms)
				InitializePlatformSupportModulesInManaged (7ms)
				SetLoadedEditorAssemblies (1ms)
				RefreshPlugins (1ms)
				BeforeProcessingInitializeOnLoad (131ms)
				ProcessInitializeOnLoadAttributes (344ms)
				ProcessInitializeOnLoadMethodAttributes (8ms)
				AfterProcessingInitializeOnLoad (16ms)
				EditorAssembliesLoaded (0ms)
			ExecutionOrderSort2 (0ms)
			AwakeInstancesAfterBackupRestoration (14ms)
Platform modules already initialized, skipping
Refreshing native plugins compatible for Editor in 0.93 ms, found 3 plugins.
Preloading 0 native plugins for Editor in 0.00 ms.
Unloading 2089 Unused Serialized files (Serialized files now loaded: 0)
System memory in use before: 96.6 MB.
System memory in use after: 96.7 MB.

Unloading 14 unused Assets to reduce memory usage. Loaded Objects now: 2623.
Total: 5.307800 ms (FindLiveObjects: 0.473400 ms CreateObjectMapping: 0.122400 ms MarkObjects: 4.681900 ms  DeleteObjects: 0.028700 ms)

AssetImportParameters requested are different than current active one (requested -> active):
  custom:framework-win-MediaFoundation: 216162199b28c13a410421893ffa2e32 -> 
  custom:video-decoder-ogg-theora: a1e56fd34408186e4bbccfd4996cb3dc -> 
  custom:container-muxer-webm: aa71ff27fc2769a1b78a27578f13a17b -> 
  custom:container-demuxer-webm: 4f35f7cbe854078d1ac9338744f61a02 -> 
  custom:container-demuxer-ogg: 62fdf1f143b41e24485cea50d1cbac27 -> 
  custom:video-encoder-webm-vp8: eb34c28f22e8b96e1ab97ce403110664 -> 
  custom:video-decoder-webm-vp8: 9c59270c3fd7afecdb556c50c9e8de78 -> 
  custom:audio-decoder-ogg-vorbis: bf7c407c2cedff20999df2af8eb42d56 -> 
  custom:audio-encoder-webm-vorbis: bf7c407c2cedff20999df2af8eb42d56 -> 
========================================================================
Received Prepare
Registering precompiled user dll's ...
Registered in 0.010123 seconds.
Begin MonoManager ReloadAssembly
Native extension for WindowsStandalone target not found
Refreshing native plugins compatible for Editor in 0.50 ms, found 3 plugins.
Preloading 0 native plugins for Editor in 0.00 ms.
Mono: successfully reloaded assembly
- Completed reload, in  1.791 seconds
Domain Reload Profiling:
	ReloadAssembly (1792ms)
		BeginReloadAssembly (179ms)
			ExecutionOrderSort (0ms)
			DisableScriptedObjects (8ms)
			BackupInstance (0ms)
			ReleaseScriptingObjects (0ms)
			CreateAndSetChildDomain (48ms)
		EndReloadAssembly (1228ms)
			LoadAssemblies (160ms)
			RebuildTransferFunctionScriptingTraits (0ms)
			SetupTypeCache (415ms)
			ReleaseScriptCaches (1ms)
			RebuildScriptCaches (57ms)
			SetupLoadedEditorAssemblies (458ms)
				LogAssemblyErrors (0ms)
				InitializePlatformSupportModulesInManaged (6ms)
				SetLoadedEditorAssemblies (1ms)
				RefreshPlugins (1ms)
				BeforeProcessingInitializeOnLoad (127ms)
				ProcessInitializeOnLoadAttributes (302ms)
				ProcessInitializeOnLoadMethodAttributes (7ms)
				AfterProcessingInitializeOnLoad (14ms)
				EditorAssembliesLoaded (0ms)
			ExecutionOrderSort2 (0ms)
			AwakeInstancesAfterBackupRestoration (14ms)
Platform modules already initialized, skipping
Refreshing native plugins compatible for Editor in 0.59 ms, found 3 plugins.
Preloading 0 native plugins for Editor in 0.00 ms.
Unloading 2089 Unused Serialized files (Serialized files now loaded: 0)
System memory in use before: 96.6 MB.
System memory in use after: 96.7 MB.

Unloading 14 unused Assets to reduce memory usage. Loaded Objects now: 2626.
Total: 3.752400 ms (FindLiveObjects: 0.243700 ms CreateObjectMapping: 0.115000 ms MarkObjects: 3.367500 ms  DeleteObjects: 0.024400 ms)

AssetImportParameters requested are different than current active one (requested -> active):
  custom:framework-win-MediaFoundation: 216162199b28c13a410421893ffa2e32 -> 
  custom:video-decoder-ogg-theora: a1e56fd34408186e4bbccfd4996cb3dc -> 
  custom:container-muxer-webm: aa71ff27fc2769a1b78a27578f13a17b -> 
  custom:container-demuxer-webm: 4f35f7cbe854078d1ac9338744f61a02 -> 
  custom:container-demuxer-ogg: 62fdf1f143b41e24485cea50d1cbac27 -> 
  custom:video-encoder-webm-vp8: eb34c28f22e8b96e1ab97ce403110664 -> 
  custom:video-decoder-webm-vp8: 9c59270c3fd7afecdb556c50c9e8de78 -> 
  custom:audio-decoder-ogg-vorbis: bf7c407c2cedff20999df2af8eb42d56 -> 
  custom:audio-encoder-webm-vorbis: bf7c407c2cedff20999df2af8eb42d56 -> 
========================================================================
Received Prepare
Registering precompiled user dll's ...
Registered in 0.006909 seconds.
Begin MonoManager ReloadAssembly
Native extension for WindowsStandalone target not found
Refreshing native plugins compatible for Editor in 0.55 ms, found 3 plugins.
Preloading 0 native plugins for Editor in 0.00 ms.
Mono: successfully reloaded assembly
- Completed reload, in  2.109 seconds
Domain Reload Profiling:
	ReloadAssembly (2109ms)
		BeginReloadAssembly (174ms)
			ExecutionOrderSort (0ms)
			DisableScriptedObjects (8ms)
			BackupInstance (0ms)
			ReleaseScriptingObjects (0ms)
			CreateAndSetChildDomain (45ms)
		EndReloadAssembly (1809ms)
			LoadAssemblies (149ms)
			RebuildTransferFunctionScriptingTraits (0ms)
			SetupTypeCache (940ms)
			ReleaseScriptCaches (1ms)
			RebuildScriptCaches (62ms)
			SetupLoadedEditorAssemblies (489ms)
				LogAssemblyErrors (0ms)
				InitializePlatformSupportModulesInManaged (7ms)
				SetLoadedEditorAssemblies (1ms)
				RefreshPlugins (1ms)
				BeforeProcessingInitializeOnLoad (132ms)
				ProcessInitializeOnLoadAttributes (324ms)
				ProcessInitializeOnLoadMethodAttributes (10ms)
				AfterProcessingInitializeOnLoad (15ms)
				EditorAssembliesLoaded (0ms)
			ExecutionOrderSort2 (0ms)
			AwakeInstancesAfterBackupRestoration (21ms)
Platform modules already initialized, skipping
Refreshing native plugins compatible for Editor in 1.25 ms, found 3 plugins.
Preloading 0 native plugins for Editor in 0.00 ms.
Unloading 2089 Unused Serialized files (Serialized files now loaded: 0)
System memory in use before: 96.6 MB.
System memory in use after: 96.8 MB.

Unloading 14 unused Assets to reduce memory usage. Loaded Objects now: 2629.
Total: 18.083900 ms (FindLiveObjects: 3.422400 ms CreateObjectMapping: 1.650100 ms MarkObjects: 12.953100 ms  DeleteObjects: 0.055500 ms)

AssetImportParameters requested are different than current active one (requested -> active):
  custom:framework-win-MediaFoundation: 216162199b28c13a410421893ffa2e32 -> 
  custom:video-decoder-ogg-theora: a1e56fd34408186e4bbccfd4996cb3dc -> 
  custom:container-muxer-webm: aa71ff27fc2769a1b78a27578f13a17b -> 
  custom:container-demuxer-webm: 4f35f7cbe854078d1ac9338744f61a02 -> 
  custom:container-demuxer-ogg: 62fdf1f143b41e24485cea50d1cbac27 -> 
  custom:video-encoder-webm-vp8: eb34c28f22e8b96e1ab97ce403110664 -> 
  custom:video-decoder-webm-vp8: 9c59270c3fd7afecdb556c50c9e8de78 -> 
  custom:audio-decoder-ogg-vorbis: bf7c407c2cedff20999df2af8eb42d56 -> 
  custom:audio-encoder-webm-vorbis: bf7c407c2cedff20999df2af8eb42d56 -> 
========================================================================
Received Prepare
Registering precompiled user dll's ...
Registered in 0.009932 seconds.
Begin MonoManager ReloadAssembly
Native extension for WindowsStandalone target not found
Refreshing native plugins compatible for Editor in 0.97 ms, found 3 plugins.
Preloading 0 native plugins for Editor in 0.00 ms.
Mono: successfully reloaded assembly
- Completed reload, in  2.113 seconds
Domain Reload Profiling:
	ReloadAssembly (2114ms)
		BeginReloadAssembly (164ms)
			ExecutionOrderSort (0ms)
			DisableScriptedObjects (8ms)
			BackupInstance (0ms)
			ReleaseScriptingObjects (0ms)
			CreateAndSetChildDomain (45ms)
		EndReloadAssembly (1851ms)
			LoadAssemblies (153ms)
			RebuildTransferFunctionScriptingTraits (0ms)
			SetupTypeCache (941ms)
			ReleaseScriptCaches (2ms)
			RebuildScriptCaches (62ms)
			SetupLoadedEditorAssemblies (524ms)
				LogAssemblyErrors (0ms)
				InitializePlatformSupportModulesInManaged (6ms)
				SetLoadedEditorAssemblies (1ms)
				RefreshPlugins (1ms)
				BeforeProcessingInitializeOnLoad (134ms)
				ProcessInitializeOnLoadAttributes (346ms)
				ProcessInitializeOnLoadMethodAttributes (14ms)
				AfterProcessingInitializeOnLoad (21ms)
				EditorAssembliesLoaded (0ms)
			ExecutionOrderSort2 (0ms)
			AwakeInstancesAfterBackupRestoration (22ms)
Platform modules already initialized, skipping
Refreshing native plugins compatible for Editor in 2.76 ms, found 3 plugins.
Preloading 0 native plugins for Editor in 0.00 ms.
Unloading 2089 Unused Serialized files (Serialized files now loaded: 0)
System memory in use before: 96.6 MB.
System memory in use after: 96.8 MB.

Unloading 14 unused Assets to reduce memory usage. Loaded Objects now: 2632.
Total: 10.105500 ms (FindLiveObjects: 0.727600 ms CreateObjectMapping: 0.177500 ms MarkObjects: 9.157100 ms  DeleteObjects: 0.040300 ms)

AssetImportParameters requested are different than current active one (requested -> active):
  custom:framework-win-MediaFoundation: 216162199b28c13a410421893ffa2e32 -> 
  custom:video-decoder-ogg-theora: a1e56fd34408186e4bbccfd4996cb3dc -> 
  custom:container-muxer-webm: aa71ff27fc2769a1b78a27578f13a17b -> 
  custom:container-demuxer-webm: 4f35f7cbe854078d1ac9338744f61a02 -> 
  custom:container-demuxer-ogg: 62fdf1f143b41e24485cea50d1cbac27 -> 
  custom:video-encoder-webm-vp8: eb34c28f22e8b96e1ab97ce403110664 -> 
  custom:video-decoder-webm-vp8: 9c59270c3fd7afecdb556c50c9e8de78 -> 
  custom:audio-decoder-ogg-vorbis: bf7c407c2cedff20999df2af8eb42d56 -> 
  custom:audio-encoder-webm-vorbis: bf7c407c2cedff20999df2af8eb42d56 -> 
========================================================================
Received Prepare
Registering precompiled user dll's ...
Registered in 0.006524 seconds.
Begin MonoManager ReloadAssembly
Native extension for WindowsStandalone target not found
Refreshing native plugins compatible for Editor in 0.52 ms, found 3 plugins.
Preloading 0 native plugins for Editor in 0.00 ms.
Mono: successfully reloaded assembly
- Completed reload, in  1.771 seconds
Domain Reload Profiling:
	ReloadAssembly (1772ms)
		BeginReloadAssembly (177ms)
			ExecutionOrderSort (0ms)
			DisableScriptedObjects (11ms)
			BackupInstance (0ms)
			ReleaseScriptingObjects (0ms)
			CreateAndSetChildDomain (47ms)
		EndReloadAssembly (1489ms)
			LoadAssemblies (154ms)
			RebuildTransferFunctionScriptingTraits (0ms)
			SetupTypeCache (692ms)
			ReleaseScriptCaches (1ms)
			RebuildScriptCaches (57ms)
			SetupLoadedEditorAssemblies (453ms)
				LogAssemblyErrors (0ms)
				InitializePlatformSupportModulesInManaged (8ms)
				SetLoadedEditorAssemblies (1ms)
				RefreshPlugins (1ms)
				BeforeProcessingInitializeOnLoad (130ms)
				ProcessInitializeOnLoadAttributes (288ms)
				ProcessInitializeOnLoadMethodAttributes (10ms)
				AfterProcessingInitializeOnLoad (15ms)
				EditorAssembliesLoaded (0ms)
			ExecutionOrderSort2 (0ms)
			AwakeInstancesAfterBackupRestoration (18ms)
Platform modules already initialized, skipping
Refreshing native plugins compatible for Editor in 0.57 ms, found 3 plugins.
Preloading 0 native plugins for Editor in 0.00 ms.
Unloading 2089 Unused Serialized files (Serialized files now loaded: 0)
System memory in use before: 96.6 MB.
System memory in use after: 96.8 MB.

Unloading 14 unused Assets to reduce memory usage. Loaded Objects now: 2635.
Total: 5.494400 ms (FindLiveObjects: 0.216200 ms CreateObjectMapping: 0.096500 ms MarkObjects: 5.125200 ms  DeleteObjects: 0.055200 ms)

AssetImportParameters requested are different than current active one (requested -> active):
  custom:framework-win-MediaFoundation: 216162199b28c13a410421893ffa2e32 -> 
  custom:video-decoder-ogg-theora: a1e56fd34408186e4bbccfd4996cb3dc -> 
  custom:container-muxer-webm: aa71ff27fc2769a1b78a27578f13a17b -> 
  custom:container-demuxer-webm: 4f35f7cbe854078d1ac9338744f61a02 -> 
  custom:container-demuxer-ogg: 62fdf1f143b41e24485cea50d1cbac27 -> 
  custom:video-encoder-webm-vp8: eb34c28f22e8b96e1ab97ce403110664 -> 
  custom:video-decoder-webm-vp8: 9c59270c3fd7afecdb556c50c9e8de78 -> 
  custom:audio-decoder-ogg-vorbis: bf7c407c2cedff20999df2af8eb42d56 -> 
  custom:audio-encoder-webm-vorbis: bf7c407c2cedff20999df2af8eb42d56 -> 
========================================================================
Received Prepare
Registering precompiled user dll's ...
Registered in 0.005652 seconds.
Begin MonoManager ReloadAssembly
Native extension for WindowsStandalone target not found
Refreshing native plugins compatible for Editor in 0.63 ms, found 3 plugins.
Preloading 0 native plugins for Editor in 0.00 ms.
Mono: successfully reloaded assembly
- Completed reload, in  1.708 seconds
Domain Reload Profiling:
	ReloadAssembly (1708ms)
		BeginReloadAssembly (166ms)
			ExecutionOrderSort (0ms)
			DisableScriptedObjects (8ms)
			BackupInstance (0ms)
			ReleaseScriptingObjects (0ms)
			CreateAndSetChildDomain (45ms)
		EndReloadAssembly (1448ms)
			LoadAssemblies (139ms)
			RebuildTransferFunctionScriptingTraits (0ms)
			SetupTypeCache (662ms)
			ReleaseScriptCaches (1ms)
			RebuildScriptCaches (65ms)
			SetupLoadedEditorAssemblies (438ms)
				LogAssemblyErrors (0ms)
				InitializePlatformSupportModulesInManaged (7ms)
				SetLoadedEditorAssemblies (1ms)
				RefreshPlugins (1ms)
				BeforeProcessingInitializeOnLoad (130ms)
				ProcessInitializeOnLoadAttributes (278ms)
				ProcessInitializeOnLoadMethodAttributes (7ms)
				AfterProcessingInitializeOnLoad (14ms)
				EditorAssembliesLoaded (0ms)
			ExecutionOrderSort2 (0ms)
			AwakeInstancesAfterBackupRestoration (14ms)
Platform modules already initialized, skipping
Refreshing native plugins compatible for Editor in 0.66 ms, found 3 plugins.
Preloading 0 native plugins for Editor in 0.00 ms.
Unloading 2089 Unused Serialized files (Serialized files now loaded: 0)
System memory in use before: 96.7 MB.
System memory in use after: 96.8 MB.

Unloading 14 unused Assets to reduce memory usage. Loaded Objects now: 2638.
Total: 4.883700 ms (FindLiveObjects: 0.221300 ms CreateObjectMapping: 0.096400 ms MarkObjects: 4.521600 ms  DeleteObjects: 0.042900 ms)

AssetImportParameters requested are different than current active one (requested -> active):
  custom:framework-win-MediaFoundation: 216162199b28c13a410421893ffa2e32 -> 
  custom:video-decoder-ogg-theora: a1e56fd34408186e4bbccfd4996cb3dc -> 
  custom:container-muxer-webm: aa71ff27fc2769a1b78a27578f13a17b -> 
  custom:container-demuxer-webm: 4f35f7cbe854078d1ac9338744f61a02 -> 
  custom:container-demuxer-ogg: 62fdf1f143b41e24485cea50d1cbac27 -> 
  custom:video-encoder-webm-vp8: eb34c28f22e8b96e1ab97ce403110664 -> 
  custom:video-decoder-webm-vp8: 9c59270c3fd7afecdb556c50c9e8de78 -> 
  custom:audio-decoder-ogg-vorbis: bf7c407c2cedff20999df2af8eb42d56 -> 
  custom:audio-encoder-webm-vorbis: bf7c407c2cedff20999df2af8eb42d56 -> 
========================================================================
Received Prepare
Registering precompiled user dll's ...
Registered in 0.006252 seconds.
Begin MonoManager ReloadAssembly
Native extension for WindowsStandalone target not found
Refreshing native plugins compatible for Editor in 0.56 ms, found 3 plugins.
Preloading 0 native plugins for Editor in 0.00 ms.
Mono: successfully reloaded assembly
- Completed reload, in  1.530 seconds
Domain Reload Profiling:
	ReloadAssembly (1530ms)
		BeginReloadAssembly (156ms)
			ExecutionOrderSort (0ms)
			DisableScriptedObjects (8ms)
			BackupInstance (0ms)
			ReleaseScriptingObjects (0ms)
			CreateAndSetChildDomain (44ms)
		EndReloadAssembly (1250ms)
			LoadAssemblies (152ms)
			RebuildTransferFunctionScriptingTraits (0ms)
			SetupTypeCache (436ms)
			ReleaseScriptCaches (1ms)
			RebuildScriptCaches (58ms)
			SetupLoadedEditorAssemblies (453ms)
				LogAssemblyErrors (0ms)
				InitializePlatformSupportModulesInManaged (8ms)
				SetLoadedEditorAssemblies (1ms)
				RefreshPlugins (1ms)
				BeforeProcessingInitializeOnLoad (124ms)
				ProcessInitializeOnLoadAttributes (294ms)
				ProcessInitializeOnLoadMethodAttributes (10ms)
				AfterProcessingInitializeOnLoad (16ms)
				EditorAssembliesLoaded (0ms)
			ExecutionOrderSort2 (0ms)
			AwakeInstancesAfterBackupRestoration (14ms)
Platform modules already initialized, skipping
Refreshing native plugins compatible for Editor in 0.51 ms, found 3 plugins.
Preloading 0 native plugins for Editor in 0.00 ms.
Unloading 2089 Unused Serialized files (Serialized files now loaded: 0)
System memory in use before: 96.7 MB.
System memory in use after: 96.8 MB.

Unloading 14 unused Assets to reduce memory usage. Loaded Objects now: 2641.
Total: 4.377400 ms (FindLiveObjects: 0.225400 ms CreateObjectMapping: 0.115000 ms MarkObjects: 3.962200 ms  DeleteObjects: 0.073500 ms)

AssetImportParameters requested are different than current active one (requested -> active):
  custom:framework-win-MediaFoundation: 216162199b28c13a410421893ffa2e32 -> 
  custom:video-decoder-ogg-theora: a1e56fd34408186e4bbccfd4996cb3dc -> 
  custom:container-muxer-webm: aa71ff27fc2769a1b78a27578f13a17b -> 
  custom:container-demuxer-webm: 4f35f7cbe854078d1ac9338744f61a02 -> 
  custom:container-demuxer-ogg: 62fdf1f143b41e24485cea50d1cbac27 -> 
  custom:video-encoder-webm-vp8: eb34c28f22e8b96e1ab97ce403110664 -> 
  custom:video-decoder-webm-vp8: 9c59270c3fd7afecdb556c50c9e8de78 -> 
  custom:audio-decoder-ogg-vorbis: bf7c407c2cedff20999df2af8eb42d56 -> 
  custom:audio-encoder-webm-vorbis: bf7c407c2cedff20999df2af8eb42d56 -> 
AssetImportWorkerClient::OnTransportError - code=2 error=End of file
